tests/test_ui_setup.py
    F 191:0 test_prompt_trainer_selection_multiple_select_first - A (4)
    F 203:0 test_prompt_trainer_selection_multiple_select_last - A (4)
    F 224:0 test_prompt_trainer_selection_multiple_invalid_then_valid - A (4)
    F 172:0 test_prompt_trainer_selection_single_continue - A (3)
    F 215:0 test_prompt_trainer_selection_multiple_retry - A (3)
    F 10:0 test_prompt_ftp_valid_input - A (2)
    F 19:0 test_prompt_ftp_zero_then_valid - A (2)
    F 32:0 test_prompt_ftp_negative_then_valid - A (2)
    F 45:0 test_prompt_ftp_non_numeric_then_valid - A (2)
    F 58:0 test_prompt_ftp_exit_with_e - A (2)
    F 68:0 test_prompt_ftp_keyboard_interrupt - A (2)
    F 82:0 test_prompt_ftp_eof_error - A (2)
    F 99:0 test_prompt_reconnect_retry - A (2)
    F 107:0 test_prompt_reconnect_scan - A (2)
    F 115:0 test_prompt_reconnect_exit - A (2)
    F 123:0 test_prompt_reconnect_demo - A (2)
    F 131:0 test_prompt_reconnect_invalid_then_valid - A (2)
    F 141:0 test_prompt_reconnect_keyboard_interrupt - A (2)
    F 156:0 test_prompt_trainer_selection_no_trainers_retry - A (2)
    F 164:0 test_prompt_trainer_selection_no_trainers_demo - A (2)
    F 182:0 test_prompt_trainer_selection_single_retry - A (2)
tests/test_errors.py
    F 36:0 test_exception_wrapping - A (4)
    F 8:0 test_cytraco_error_is_exception - A (3)
    F 15:0 test_power_meter_error_hierarchy - A (3)
    F 21:0 test_app_runner_error_hierarchy - A (3)
    F 27:0 test_catch_all_cytraco_errors - A (1)
tests/test_power.py
    F 7:0 test_power_data_creation - A (3)
    F 14:0 test_power_data_fields - A (2)
tests/test_workout.py
    F 53:0 test_power_meter_queue - A (3)
    F 36:0 test_power_meter_start - A (2)
    F 44:0 test_power_meter_stop - A (2)
    C 12:0 MockPowerMeter - A (2)
    M 15:4 MockPowerMeter.__init__ - A (1)
    M 20:4 MockPowerMeter.start - A (1)
    M 25:4 MockPowerMeter.stop - A (1)
    M 30:4 MockPowerMeter.queue - A (1)
tests/generators.py
    F 12:0 mac_address - A (2)
    F 17:0 ftp - A (1)
    F 22:0 power_data - A (1)
    F 27:0 trainer_info - A (1)
    F 35:0 config - A (1)
tests/test_config.py
    F 66:0 test_write_config_with_both_fields - A (4)
    F 14:0 test_config_with_ftp_only - A (3)
    F 22:0 test_config_with_all_values - A (3)
    F 31:0 test_load_valid_toml - A (3)
    F 80:0 test_round_trip - A (3)
    F 93:0 test_parent_directory_creation - A (3)
    F 45:0 test_load_missing_file - A (1)
    F 55:0 test_load_malformed_toml - A (1)
    F 105:0 test_permission_error - A (1)
tests/test_bootstrap.py
    F 66:0 test_bootstrap_app_existing_config_connects - B (6)
    F 89:0 test_bootstrap_app_missing_config_selects_trainer - B (6)
    F 154:0 test_bootstrap_app_demo_mode - A (5)
    F 42:0 test_configurable_protocol_load_file - A (4)
    F 203:0 test_bootstrap_app_retry_then_success - A (4)
    F 115:0 test_bootstrap_app_user_exits_ftp - A (3)
    F 177:0 test_bootstrap_app_connection_failed_scan - A (3)
    F 58:0 test_runnable_protocol_start - A (2)
    F 134:0 test_bootstrap_app_user_exits_trainer_selection - A (2)
    C 15:0 MockConfigurable - A (2)
    C 30:0 MockRunnable - A (2)
    F 51:0 test_configurable_protocol_write_file - A (1)
    M 18:4 MockConfigurable.__init__ - A (1)
    M 22:4 MockConfigurable.load_file - A (1)
    M 26:4 MockConfigurable.write_file - A (1)
    M 33:4 MockRunnable.__init__ - A (1)
    M 37:4 MockRunnable.start - A (1)
tests/test_trainer.py
    F 104:0 test_detect_trainer_single_trainer_persists - B (6)
    F 15:0 test_scan_for_trainers_finds_trainers - A (5)
    F 80:0 test_scan_for_trainers_unknown_name - A (4)
    F 139:0 test_detect_trainer_preserves_ftp - A (3)
    F 55:0 test_scan_for_trainers_no_trainers - A (2)
    F 67:0 test_scan_for_trainers_error_handling - A (2)
    F 43:0 test_scan_for_trainers_calls_discover - A (1)
    F 174:0 test_detect_trainer_no_trainers - A (1)
    F 190:0 test_detect_trainer_multiple_trainers - A (1)
cytraco/bootstrap.py
    F 148:0 bootstrap_app - B (10)
    C 24:0 SetupUI - A (2)
    C 62:0 AppConfig - A (2)
    C 97:0 TrainerScanner - A (2)
    C 127:0 AppRunner - A (2)
    C 17:0 BootstrapResult - A (1)
    M 31:4 SetupUI.prompt_ftp - A (1)
    M 39:4 SetupUI.prompt_reconnect - A (1)
    M 50:4 SetupUI.prompt_trainer_selection - A (1)
    M 69:4 AppConfig.load_file - A (1)
    M 84:4 AppConfig.write_file - A (1)
    M 104:4 TrainerScanner.scan - A (1)
    M 115:4 TrainerScanner.connect - A (1)
    M 135:4 AppRunner.start - A (1)
cytraco/config.py
    C 12:0 TomlConfig - A (5)
    M 40:4 TomlConfig.write_file - A (4)
    M 15:4 TomlConfig.load_file - A (3)
cytraco/workout.py
    C 9:0 PowerMeter - A (2)
    M 17:4 PowerMeter.start - A (1)
    M 28:4 PowerMeter.stop - A (1)
    M 40:4 PowerMeter.queue - A (1)
cytraco/cli.py
    F 35:0 app - A (4)
    F 14:0 _run_app - A (3)
cytraco/errors.py
    C 4:0 CytracoError - A (1)
    C 14:0 PowerMeterError - A (1)
    C 23:0 AppRunnerError - A (1)
    C 32:0 DeviceError - A (1)
    C 40:0 ConfigError - A (1)
cytraco/trainer.py
    F 107:0 detect_trainer - A (4)
    C 62:0 BleakTrainerScanner - A (4)
    M 65:4 BleakTrainerScanner.scan - A (4)
    C 14:0 ConfigHandler - A (2)
    M 91:4 BleakTrainerScanner.connect - A (2)
    M 17:4 ConfigHandler.load_file - A (1)
    M 21:4 ConfigHandler.write_file - A (1)
    C 28:0 UserAction - A (1)
    C 38:0 TrainerInfo - A (1)
    C 53:0 TrainerSelected - A (1)
cytraco/ui/setup.py
    C 6:0 TerminalSetup - B (7)
    M 35:4 TerminalSetup.prompt_reconnect - B (7)
    M 120:4 TerminalSetup._prompt_multiple_trainers - B (7)
    M 10:4 TerminalSetup.prompt_ftp - B (6)
    M 90:4 TerminalSetup._prompt_no_trainers - B (6)
    M 105:4 TerminalSetup._prompt_single_trainer - B (6)
    M 63:4 TerminalSetup.prompt_trainer_selection - A (4)
cytraco/model/config.py
    C 7:0 Config - A (1)
cytraco/model/power.py
    C 7:0 PowerData - A (1)
